<?xml version="1.0" encoding="UTF-8"?>
<!-- Generated by org.testng.reporters.JUnitReportReporter -->
<testsuite hostname="LAPTOP-668FRT41" failures="0" tests="1" name="com.example.selen.seleniummmm.NewTest" time="15.140" errors="0" timestamp="2023-03-29T12:04:21 IST" skipped="0">
  <testcase classname="com.example.selen.seleniummmm.NewTest" name="f" time="15.140"/>
  <system-out/>
</testsuite> <!-- com.example.selen.seleniummmm.NewTest -->
